<?xml version="1.0" encoding="UTF-8"?>
<coverage generated="1776624922688" clover="3.2.0">
  <project timestamp="1776624922688" name="All files">
    <metrics statements="64" coveredstatements="61" conditionals="28" coveredconditionals="26" methods="8" coveredmethods="7" elements="100" coveredelements="94" complexity="0" loc="64" ncloc="64" packages="1" files="1" classes="1"/>
    <file name="app.js" path="/Users/jmy5323/CSC820 - Module 10/CSC820-Module_9-Order_Management/app.js">
      <metrics statements="64" coveredstatements="61" conditionals="28" coveredconditionals="26" methods="8" coveredmethods="7"/>
      <line num="1" count="2" type="stmt"/>
      <line num="2" count="2" type="stmt"/>
      <line num="3" count="2" type="cond" truecount="2" falsecount="0"/>
      <line num="4" count="2" type="stmt"/>
      <line num="5" count="2" type="stmt"/>
      <line num="7" count="2" type="stmt"/>
      <line num="9" count="2" type="stmt"/>
      <line num="19" count="2" type="stmt"/>
      <line num="20" count="0" type="stmt"/>
      <line num="24" count="8" type="stmt"/>
      <line num="25" count="8" type="stmt"/>
      <line num="29" count="2" type="stmt"/>
      <line num="30" count="14" type="cond" truecount="2" falsecount="0"/>
      <line num="31" count="1" type="stmt"/>
      <line num="32" count="13" type="cond" truecount="2" falsecount="0"/>
      <line num="33" count="1" type="stmt"/>
      <line num="34" count="12" type="cond" truecount="2" falsecount="0"/>
      <line num="35" count="2" type="stmt"/>
      <line num="36" count="10" type="cond" truecount="2" falsecount="0"/>
      <line num="37" count="1" type="stmt"/>
      <line num="39" count="9" type="stmt"/>
      <line num="40" count="9" type="stmt"/>
      <line num="41" count="8" type="stmt"/>
      <line num="42" count="8" type="stmt"/>
      <line num="43" count="8" type="stmt"/>
      <line num="45" count="1" type="stmt"/>
      <line num="50" count="2" type="stmt"/>
      <line num="51" count="4" type="stmt"/>
      <line num="52" count="4" type="stmt"/>
      <line num="55" count="2" type="stmt"/>
      <line num="56" count="7" type="cond" truecount="2" falsecount="0"/>
      <line num="57" count="1" type="stmt"/>
      <line num="59" count="6" type="stmt"/>
      <line num="60" count="6" type="stmt"/>
      <line num="61" count="6" type="cond" truecount="2" falsecount="0"/>
      <line num="62" count="4" type="stmt"/>
      <line num="64" count="2" type="stmt"/>
      <line num="69" count="2" type="stmt"/>
      <line num="70" count="7" type="cond" truecount="2" falsecount="0"/>
      <line num="71" count="1" type="stmt"/>
      <line num="72" count="6" type="cond" truecount="2" falsecount="0"/>
      <line num="73" count="1" type="stmt"/>
      <line num="75" count="5" type="stmt"/>
      <line num="76" count="5" type="stmt"/>
      <line num="77" count="5" type="cond" truecount="2" falsecount="0"/>
      <line num="78" count="2" type="stmt"/>
      <line num="80" count="3" type="stmt"/>
      <line num="81" count="3" type="cond" truecount="1" falsecount="1"/>
      <line num="82" count="0" type="stmt"/>
      <line num="84" count="3" type="stmt"/>
      <line num="85" count="3" type="stmt"/>
      <line num="91" count="2" type="stmt"/>
      <line num="92" count="7" type="cond" truecount="2" falsecount="0"/>
      <line num="93" count="1" type="stmt"/>
      <line num="95" count="6" type="stmt"/>
      <line num="96" count="6" type="stmt"/>
      <line num="97" count="6" type="cond" truecount="2" falsecount="0"/>
      <line num="98" count="2" type="stmt"/>
      <line num="100" count="4" type="stmt"/>
      <line num="101" count="4" type="cond" truecount="1" falsecount="1"/>
      <line num="102" count="0" type="stmt"/>
      <line num="104" count="4" type="stmt"/>
      <line num="110" count="2" type="stmt"/>
      <line num="111" count="2" type="stmt"/>
    </file>
  </project>
</coverage>
