{"/Users/jmy5323/CSC820 - Module 10/CSC820-Module_9-Order_Management/app.js": {"path":"/Users/jmy5323/CSC820 - Module 10/CSC820-Module_9-Order_Management/app.js","statementMap":{"0":{"start":{"line":1,"column":16},"end":{"line":1,"column":34}},"1":{"start":{"line":2,"column":17},"end":{"line":2,"column":42}},"2":{"start":{"line":3,"column":15},"end":{"line":3,"column":60}},"3":{"start":{"line":4,"column":11},"end":{"line":4,"column":31}},"4":{"start":{"line":5,"column":12},"end":{"line":5,"column":21}},"5":{"start":{"line":7,"column":0},"end":{"line":7,"column":23}},"6":{"start":{"line":9,"column":0},"end":{"line":17,"column":2}},"7":{"start":{"line":19,"column":0},"end":{"line":21,"column":2}},"8":{"start":{"line":20,"column":4},"end":{"line":20,"column":43}},"9":{"start":{"line":24,"column":4},"end":{"line":26,"column":7}},"10":{"start":{"line":25,"column":8},"end":{"line":25,"column":35}},"11":{"start":{"line":29,"column":0},"end":{"line":48,"column":3}},"12":{"start":{"line":30,"column":4},"end":{"line":47,"column":5}},"13":{"start":{"line":31,"column":8},"end":{"line":31,"column":56}},"14":{"start":{"line":32,"column":11},"end":{"line":47,"column":5}},"15":{"start":{"line":33,"column":8},"end":{"line":33,"column":57}},"16":{"start":{"line":34,"column":11},"end":{"line":47,"column":5}},"17":{"start":{"line":35,"column":8},"end":{"line":35,"column":61}},"18":{"start":{"line":36,"column":11},"end":{"line":47,"column":5}},"19":{"start":{"line":37,"column":8},"end":{"line":37,"column":58}},"20":{"start":{"line":39,"column":8},"end":{"line":46,"column":9}},"21":{"start":{"line":40,"column":25},"end":{"line":40,"column":178}},"22":{"start":{"line":41,"column":24},"end":{"line":41,"column":103}},"23":{"start":{"line":42,"column":12},"end":{"line":42,"column":29}},"24":{"start":{"line":43,"column":12},"end":{"line":43,"column":39}},"25":{"start":{"line":45,"column":12},"end":{"line":45,"column":60}},"26":{"start":{"line":50,"column":0},"end":{"line":53,"column":3}},"27":{"start":{"line":51,"column":17},"end":{"line":51,"column":61}},"28":{"start":{"line":52,"column":4},"end":{"line":52,"column":44}},"29":{"start":{"line":55,"column":0},"end":{"line":67,"column":3}},"30":{"start":{"line":56,"column":4},"end":{"line":66,"column":5}},"31":{"start":{"line":57,"column":8},"end":{"line":57,"column":56}},"32":{"start":{"line":59,"column":25},"end":{"line":59,"column":48}},"33":{"start":{"line":60,"column":28},"end":{"line":60,"column":95}},"34":{"start":{"line":61,"column":8},"end":{"line":65,"column":9}},"35":{"start":{"line":62,"column":12},"end":{"line":62,"column":58}},"36":{"start":{"line":64,"column":12},"end":{"line":64,"column":51}},"37":{"start":{"line":69,"column":0},"end":{"line":89,"column":3}},"38":{"start":{"line":70,"column":4},"end":{"line":88,"column":5}},"39":{"start":{"line":71,"column":8},"end":{"line":71,"column":56}},"40":{"start":{"line":72,"column":11},"end":{"line":88,"column":5}},"41":{"start":{"line":73,"column":8},"end":{"line":73,"column":56}},"42":{"start":{"line":75,"column":25},"end":{"line":75,"column":48}},"43":{"start":{"line":76,"column":28},"end":{"line":76,"column":95}},"44":{"start":{"line":77,"column":8},"end":{"line":87,"column":9}},"45":{"start":{"line":78,"column":12},"end":{"line":78,"column":58}},"46":{"start":{"line":80,"column":25},"end":{"line":80,"column":117}},"47":{"start":{"line":81,"column":12},"end":{"line":86,"column":13}},"48":{"start":{"line":82,"column":16},"end":{"line":82,"column":71}},"49":{"start":{"line":84,"column":28},"end":{"line":84,"column":95}},"50":{"start":{"line":85,"column":16},"end":{"line":85,"column":47}},"51":{"start":{"line":91,"column":0},"end":{"line":108,"column":3}},"52":{"start":{"line":92,"column":4},"end":{"line":107,"column":5}},"53":{"start":{"line":93,"column":8},"end":{"line":93,"column":56}},"54":{"start":{"line":95,"column":25},"end":{"line":95,"column":48}},"55":{"start":{"line":96,"column":28},"end":{"line":96,"column":95}},"56":{"start":{"line":97,"column":8},"end":{"line":106,"column":9}},"57":{"start":{"line":98,"column":12},"end":{"line":98,"column":58}},"58":{"start":{"line":100,"column":25},"end":{"line":100,"column":90}},"59":{"start":{"line":101,"column":12},"end":{"line":105,"column":13}},"60":{"start":{"line":102,"column":16},"end":{"line":102,"column":71}},"61":{"start":{"line":104,"column":16},"end":{"line":104,"column":55}},"62":{"start":{"line":110,"column":0},"end":{"line":110,"column":20}},"63":{"start":{"line":111,"column":0},"end":{"line":111,"column":23}}},"fnMap":{"0":{"name":"(anonymous_0)","decl":{"start":{"line":19,"column":13},"end":{"line":19,"column":14}},"loc":{"start":{"line":19,"column":27},"end":{"line":21,"column":1}},"line":19},"1":{"name":"later","decl":{"start":{"line":23,"column":9},"end":{"line":23,"column":14}},"loc":{"start":{"line":23,"column":22},"end":{"line":27,"column":1}},"line":23},"2":{"name":"(anonymous_2)","decl":{"start":{"line":24,"column":23},"end":{"line":24,"column":24}},"loc":{"start":{"line":24,"column":42},"end":{"line":26,"column":5}},"line":24},"3":{"name":"(anonymous_3)","decl":{"start":{"line":29,"column":20},"end":{"line":29,"column":21}},"loc":{"start":{"line":29,"column":40},"end":{"line":48,"column":1}},"line":29},"4":{"name":"(anonymous_4)","decl":{"start":{"line":50,"column":19},"end":{"line":50,"column":20}},"loc":{"start":{"line":50,"column":33},"end":{"line":53,"column":1}},"line":50},"5":{"name":"(anonymous_5)","decl":{"start":{"line":55,"column":23},"end":{"line":55,"column":24}},"loc":{"start":{"line":55,"column":37},"end":{"line":67,"column":1}},"line":55},"6":{"name":"(anonymous_6)","decl":{"start":{"line":69,"column":25},"end":{"line":69,"column":26}},"loc":{"start":{"line":69,"column":39},"end":{"line":89,"column":1}},"line":69},"7":{"name":"(anonymous_7)","decl":{"start":{"line":91,"column":26},"end":{"line":91,"column":27}},"loc":{"start":{"line":91,"column":40},"end":{"line":108,"column":1}},"line":91}},"branchMap":{"0":{"loc":{"start":{"line":3,"column":15},"end":{"line":3,"column":60}},"type":"binary-expr","locations":[{"start":{"line":3,"column":15},"end":{"line":3,"column":34}},{"start":{"line":3,"column":38},"end":{"line":3,"column":60}}],"line":3},"1":{"loc":{"start":{"line":30,"column":4},"end":{"line":47,"column":5}},"type":"if","locations":[{"start":{"line":30,"column":4},"end":{"line":47,"column":5}},{"start":{"line":32,"column":11},"end":{"line":47,"column":5}}],"line":30},"2":{"loc":{"start":{"line":32,"column":11},"end":{"line":47,"column":5}},"type":"if","locations":[{"start":{"line":32,"column":11},"end":{"line":47,"column":5}},{"start":{"line":34,"column":11},"end":{"line":47,"column":5}}],"line":32},"3":{"loc":{"start":{"line":34,"column":11},"end":{"line":47,"column":5}},"type":"if","locations":[{"start":{"line":34,"column":11},"end":{"line":47,"column":5}},{"start":{"line":36,"column":11},"end":{"line":47,"column":5}}],"line":34},"4":{"loc":{"start":{"line":36,"column":11},"end":{"line":47,"column":5}},"type":"if","locations":[{"start":{"line":36,"column":11},"end":{"line":47,"column":5}},{"start":{"line":38,"column":11},"end":{"line":47,"column":5}}],"line":36},"5":{"loc":{"start":{"line":56,"column":4},"end":{"line":66,"column":5}},"type":"if","locations":[{"start":{"line":56,"column":4},"end":{"line":66,"column":5}},{"start":{"line":58,"column":11},"end":{"line":66,"column":5}}],"line":56},"6":{"loc":{"start":{"line":61,"column":8},"end":{"line":65,"column":9}},"type":"if","locations":[{"start":{"line":61,"column":8},"end":{"line":65,"column":9}},{"start":{"line":63,"column":15},"end":{"line":65,"column":9}}],"line":61},"7":{"loc":{"start":{"line":70,"column":4},"end":{"line":88,"column":5}},"type":"if","locations":[{"start":{"line":70,"column":4},"end":{"line":88,"column":5}},{"start":{"line":72,"column":11},"end":{"line":88,"column":5}}],"line":70},"8":{"loc":{"start":{"line":72,"column":11},"end":{"line":88,"column":5}},"type":"if","locations":[{"start":{"line":72,"column":11},"end":{"line":88,"column":5}},{"start":{"line":74,"column":11},"end":{"line":88,"column":5}}],"line":72},"9":{"loc":{"start":{"line":77,"column":8},"end":{"line":87,"column":9}},"type":"if","locations":[{"start":{"line":77,"column":8},"end":{"line":87,"column":9}},{"start":{"line":79,"column":15},"end":{"line":87,"column":9}}],"line":77},"10":{"loc":{"start":{"line":81,"column":12},"end":{"line":86,"column":13}},"type":"if","locations":[{"start":{"line":81,"column":12},"end":{"line":86,"column":13}},{"start":{"line":83,"column":19},"end":{"line":86,"column":13}}],"line":81},"11":{"loc":{"start":{"line":92,"column":4},"end":{"line":107,"column":5}},"type":"if","locations":[{"start":{"line":92,"column":4},"end":{"line":107,"column":5}},{"start":{"line":94,"column":11},"end":{"line":107,"column":5}}],"line":92},"12":{"loc":{"start":{"line":97,"column":8},"end":{"line":106,"column":9}},"type":"if","locations":[{"start":{"line":97,"column":8},"end":{"line":106,"column":9}},{"start":{"line":99,"column":15},"end":{"line":106,"column":9}}],"line":97},"13":{"loc":{"start":{"line":101,"column":12},"end":{"line":105,"column":13}},"type":"if","locations":[{"start":{"line":101,"column":12},"end":{"line":105,"column":13}},{"start":{"line":103,"column":19},"end":{"line":105,"column":13}}],"line":101}},"s":{"0":2,"1":2,"2":2,"3":2,"4":2,"5":2,"6":2,"7":2,"8":0,"9":8,"10":8,"11":2,"12":14,"13":1,"14":13,"15":1,"16":12,"17":2,"18":10,"19":1,"20":9,"21":9,"22":8,"23":8,"24":8,"25":1,"26":2,"27":4,"28":4,"29":2,"30":7,"31":1,"32":6,"33":6,"34":6,"35":4,"36":2,"37":2,"38":7,"39":1,"40":6,"41":1,"42":5,"43":5,"44":5,"45":2,"46":3,"47":3,"48":0,"49":3,"50":3,"51":2,"52":7,"53":1,"54":6,"55":6,"56":6,"57":2,"58":4,"59":4,"60":0,"61":4,"62":2,"63":2},"f":{"0":0,"1":8,"2":8,"3":14,"4":4,"5":7,"6":7,"7":7},"b":{"0":[2,1],"1":[1,13],"2":[1,12],"3":[2,10],"4":[1,9],"5":[1,6],"6":[4,2],"7":[1,6],"8":[1,5],"9":[2,3],"10":[0,3],"11":[1,6],"12":[2,4],"13":[0,4]},"_coverageSchema":"1a1c01bbd47fc00a2c39e90264f33305004495a9","hash":"757a1e892518d44a6ee03a42017726f4b3a67d88"}
}
