TN:
SF:app.js
FN:19,(anonymous_0)
FN:23,later
FN:24,(anonymous_2)
FN:29,(anonymous_3)
FN:50,(anonymous_4)
FN:55,(anonymous_5)
FN:69,(anonymous_6)
FN:91,(anonymous_7)
FNF:8
FNH:7
FNDA:0,(anonymous_0)
FNDA:8,later
FNDA:8,(anonymous_2)
FNDA:14,(anonymous_3)
FNDA:4,(anonymous_4)
FNDA:7,(anonymous_5)
FNDA:7,(anonymous_6)
FNDA:7,(anonymous_7)
DA:1,2
DA:2,2
DA:3,2
DA:4,2
DA:5,2
DA:7,2
DA:9,2
DA:19,2
DA:20,0
DA:24,8
DA:25,8
DA:29,2
DA:30,14
DA:31,1
DA:32,13
DA:33,1
DA:34,12
DA:35,2
DA:36,10
DA:37,1
DA:39,9
DA:40,9
DA:41,8
DA:42,8
DA:43,8
DA:45,1
DA:50,2
DA:51,4
DA:52,4
DA:55,2
DA:56,7
DA:57,1
DA:59,6
DA:60,6
DA:61,6
DA:62,4
DA:64,2
DA:69,2
DA:70,7
DA:71,1
DA:72,6
DA:73,1
DA:75,5
DA:76,5
DA:77,5
DA:78,2
DA:80,3
DA:81,3
DA:82,0
DA:84,3
DA:85,3
DA:91,2
DA:92,7
DA:93,1
DA:95,6
DA:96,6
DA:97,6
DA:98,2
DA:100,4
DA:101,4
DA:102,0
DA:104,4
DA:110,2
DA:111,2
LF:64
LH:61
BRDA:3,0,0,2
BRDA:3,0,1,1
BRDA:30,1,0,1
BRDA:30,1,1,13
BRDA:32,2,0,1
BRDA:32,2,1,12
BRDA:34,3,0,2
BRDA:34,3,1,10
BRDA:36,4,0,1
BRDA:36,4,1,9
BRDA:56,5,0,1
BRDA:56,5,1,6
BRDA:61,6,0,4
BRDA:61,6,1,2
BRDA:70,7,0,1
BRDA:70,7,1,6
BRDA:72,8,0,1
BRDA:72,8,1,5
BRDA:77,9,0,2
BRDA:77,9,1,3
BRDA:81,10,0,0
BRDA:81,10,1,3
BRDA:92,11,0,1
BRDA:92,11,1,6
BRDA:97,12,0,2
BRDA:97,12,1,4
BRDA:101,13,0,0
BRDA:101,13,1,4
BRF:28
BRH:26
end_of_record
